-------------------------------------------------------------------------------
Test set: TestSuite
-------------------------------------------------------------------------------
Tests run: 2, Failures: 1, Errors: 0, Skipped: 1, Time elapsed: 2.06 s <<< FAILURE! - in TestSuite
teardown(web.HomePage)  Time elapsed: 0.523 s  <<< FAILURE!
java.lang.NullPointerException
	at web.HomePage.teardown(HomePage.java:65)

